Using pre-set license
Desktop is 1920 x 1080 @ 60 Hz

 COMMAND LINE ARGUMENTS:
Unity
-adb2
-batchMode
-noUpm
-name
AssetImportWorker0
-projectPath
/home/cf19ruben.martin/tutorial1
-logFile
Logs/AssetImportWorker0.log
-srvPort
37207
Successfully changed project path to: /home/cf19ruben.martin/tutorial1
/home/cf19ruben.martin/tutorial1
Using Asset Import Pipeline V2.
Refreshing native plugins compatible for Editor in 42,75 ms, found 1 plugins.
Preloading 0 native plugins for Editor in 0,00 ms.
Initialize engine version: 2020.3.5f1 (8095aa901b9b)
[Subsystems] Discovering subsystems at path /home/cf19ruben.martin/Unity/Hub/Editor/2020.3.5f1/Editor/Data/Resources/UnitySubsystems
[Subsystems] Discovering subsystems at path /home/cf19ruben.martin/tutorial1/Assets
GLX Extensions: GLX_ARB_create_context GLX_ARB_create_context_no_error GLX_ARB_create_context_profile GLX_ARB_create_context_robustness GLX_ARB_fbconfig_float GLX_ARB_framebuffer_sRGB GLX_ARB_get_proc_address GLX_ARB_multisample GLX_EXT_buffer_age GLX_EXT_create_context_es2_profile GLX_EXT_create_context_es_profile GLX_EXT_fbconfig_packed_float GLX_EXT_framebuffer_sRGB GLX_EXT_import_context GLX_EXT_texture_from_pixmap GLX_EXT_visual_info GLX_EXT_visual_rating GLX_INTEL_swap_event GLX_MESA_copy_sub_buffer GLX_MESA_query_renderer GLX_MESA_swap_control GLX_OML_swap_method GLX_OML_sync_control GLX_SGIS_multisample GLX_SGIX_fbconfig GLX_SGIX_pbuffer GLX_SGIX_visual_select_group GLX_SGI_make_current_read GLX_SGI_swap_control GLX_SGI_video_sync 
Renderer: Mesa DRI Intel(R) HD Graphics 4600 (HSW GT2)
Vendor:   Intel Open Source Technology Center
Version:  4.5 (Core Profile) Mesa 20.2.6
GLES:     0
 GL_3DFX_texture_compression_FXT1 GL_AMD_conservative_depth GL_AMD_draw_buffers_blend GL_AMD_multi_draw_indirect GL_AMD_query_buffer_object GL_AMD_seamless_cubemap_per_texture GL_AMD_shader_trinary_minmax GL_AMD_texture_texture4 GL_AMD_vertex_shader_layer GL_AMD_vertex_shader_viewport_index GL_ANGLE_texture_compression_dxt3 GL_ANGLE_texture_compression_dxt5 GL_APPLE_object_purgeable GL_ARB_ES2_compatibility GL_ARB_ES3_1_compatibility GL_ARB_ES3_compatibility GL_ARB_arrays_of_arrays GL_ARB_base_instance GL_ARB_blend_func_extended GL_ARB_buffer_storage GL_ARB_clear_buffer_object GL_ARB_clear_texture GL_ARB_clip_control GL_ARB_compressed_texture_pixel_storage GL_ARB_compute_shader GL_ARB_compute_variable_group_size GL_ARB_conditional_render_inverted GL_ARB_conservative_depth GL_ARB_copy_buffer GL_ARB_copy_image GL_ARB_cull_distance GL_ARB_debug_output GL_ARB_depth_buffer_float GL_ARB_depth_clamp GL_ARB_derivative_control GL_ARB_direct_state_access GL_ARB_draw_buffers GL_ARB_draw_buffers_blend GL_ARB_draw_elemen
ts_base_vertex GL_ARB_draw_indirect GL_ARB_draw_instanced GL_ARB_enhanced_layouts GL_ARB_explicit_attrib_location GL_ARB_explicit_uniform_location GL_ARB_fragment_coord_conventions GL_ARB_fragment_layer_viewport GL_ARB_fragment_shader GL_ARB_framebuffer_no_attachments GL_ARB_framebuffer_object GL_ARB_framebuffer_sRGB GL_ARB_get_program_binary GL_ARB_get_texture_sub_image GL_ARB_gl_spirv GL_ARB_gpu_shader5 GL_ARB_gpu_shader_fp64 GL_ARB_half_float_pixel GL_ARB_half_float_vertex GL_ARB_indirect_parameters GL_ARB_instanced_arrays GL_ARB_internalformat_query GL_ARB_internalformat_query2 GL_ARB_invalidate_subdata GL_ARB_map_buffer_alignment GL_ARB_map_buffer_range GL_ARB_multi_bind GL_ARB_multi_draw_indirect GL_ARB_occlusion_query2 GL_ARB_parallel_shader_compile GL_ARB_pipeline_statistics_query GL_ARB_pixel_buffer_object GL_ARB_point_sprite GL_ARB_polygon_offset_clamp GL_ARB_program_interface_query GL_ARB_provoking_vertex GL_ARB_query_buffer_object GL_ARB_robust_buffer_access_behavior GL_ARB_robustness GL_ARB_samp
le_shading GL_ARB_sampler_objects GL_ARB_seamless_cube_map GL_ARB_seamless_cubemap_per_texture GL_ARB_separate_shader_objects GL_ARB_shader_atomic_counter_ops GL_ARB_shader_atomic_counters GL_ARB_shader_bit_encoding GL_ARB_shader_clock GL_ARB_shader_draw_parameters GL_ARB_shader_group_vote GL_ARB_shader_image_load_store GL_ARB_shader_image_size GL_ARB_shader_objects GL_ARB_shader_precision GL_ARB_shader_storage_buffer_object GL_ARB_shader_subroutine GL_ARB_shader_texture_image_samples GL_ARB_shader_texture_lod GL_ARB_shader_viewport_layer_array GL_ARB_shading_language_420pack GL_ARB_shading_language_include GL_ARB_shading_language_packing GL_ARB_spirv_extensions GL_ARB_stencil_texturing GL_ARB_sync GL_ARB_tessellation_shader GL_ARB_texture_barrier GL_ARB_texture_buffer_object GL_ARB_texture_buffer_object_rgb32 GL_ARB_texture_buffer_range GL_ARB_texture_compression_bptc GL_ARB_texture_compression_rgtc GL_ARB_texture_cube_map_array GL_ARB_texture_filter_anisotropic GL_ARB_texture_float GL_ARB_texture_gather GL
_ARB_texture_mirror_clamp_to_edge GL_ARB_texture_multisample GL_ARB_texture_non_power_of_two GL_ARB_texture_query_levels GL_ARB_texture_query_lod GL_ARB_texture_rectangle GL_ARB_texture_rg GL_ARB_texture_rgb10_a2ui GL_ARB_texture_stencil8 GL_ARB_texture_storage GL_ARB_texture_storage_multisample GL_ARB_texture_swizzle GL_ARB_texture_view GL_ARB_timer_query GL_ARB_transform_feedback2 GL_ARB_transform_feedback3 GL_ARB_transform_feedback_instanced GL_ARB_transform_feedback_overflow_query GL_ARB_uniform_buffer_object GL_ARB_vertex_array_bgra GL_ARB_vertex_array_object GL_ARB_vertex_attrib_64bit GL_ARB_vertex_attrib_binding GL_ARB_vertex_buffer_object GL_ARB_vertex_shader GL_ARB_vertex_type_10f_11f_11f_rev GL_ARB_vertex_type_2_10_10_10_rev GL_ARB_viewport_array GL_ATI_blend_equation_separate GL_ATI_texture_float GL_EXT_EGL_image_storage GL_EXT_EGL_sync GL_EXT_abgr GL_EXT_blend_equation_separate GL_EXT_demote_to_helper_invocation GL_EXT_draw_buffers2 GL_EXT_draw_instanced GL_EXT_framebuffer_blit GL_EXT_framebuffer
_multisample GL_EXT_framebuffer_multisample_blit_scaled GL_EXT_framebuffer_object GL_EXT_framebuffer_sRGB GL_EXT_packed_depth_stencil GL_EXT_packed_float GL_EXT_pixel_buffer_object GL_EXT_polygon_offset_clamp GL_EXT_provoking_vertex GL_EXT_shader_framebuffer_fetch_non_coherent GL_EXT_shader_integer_mix GL_EXT_shader_samples_identical GL_EXT_texture_array GL_EXT_texture_compression_dxt1 GL_EXT_texture_compression_rgtc GL_EXT_texture_compression_s3tc GL_EXT_texture_filter_anisotropic GL_EXT_texture_integer GL_EXT_texture_sRGB GL_EXT_texture_sRGB_R8 GL_EXT_texture_sRGB_decode GL_EXT_texture_shadow_lod GL_EXT_texture_shared_exponent GL_EXT_texture_snorm GL_EXT_texture_swizzle GL_EXT_timer_query GL_EXT_transform_feedback GL_EXT_vertex_array_bgra GL_EXT_vertex_attrib_64bit GL_IBM_multimode_draw_arrays GL_INTEL_blackhole_render GL_INTEL_performance_query GL_KHR_blend_equation_advanced GL_KHR_context_flush_control GL_KHR_debug GL_KHR_no_error GL_KHR_parallel_shader_compile GL_KHR_robust_buffer_access_behavior GL_KHR
_robustness GL_MESA_framebuffer_flip_y GL_MESA_pack_invert GL_MESA_shader_integer_functions GL_MESA_texture_signed_rgba GL_NV_compute_shader_derivatives GL_NV_conditional_render GL_NV_depth_clamp GL_NV_packed_depth_stencil GL_NV_texture_barrier GL_OES_EGL_image GL_S3_s3tc
OPENGL LOG: Creating OpenGL 4.5 graphics device ; Context level  <OpenGL 4.5> ; Context handle -466446400
Initialize mono
Mono path[0] = '/home/cf19ruben.martin/Unity/Hub/Editor/2020.3.5f1/Editor/Data/Managed'
Mono path[1] = '/home/cf19ruben.martin/Unity/Hub/Editor/2020.3.5f1/Editor/Data/MonoBleedingEdge/lib/mono/unityjit'
Mono config path = '/home/cf19ruben.martin/Unity/Hub/Editor/2020.3.5f1/Editor/Data/MonoBleedingEdge/etc'
Using monoOptions --debugger-agent=transport=dt_socket,embedding=1,server=y,suspend=n,address=127.0.0.1:56248
Begin MonoManager ReloadAssembly
Registering precompiled unity dll's ...
Register platform support module: /home/cf19ruben.martin/Unity/Hub/Editor/2020.3.5f1/Editor/Data/PlaybackEngines/LinuxStandaloneSupport/UnityEditor.LinuxStandalone.Extensions.dll
Registered in 0,001489 seconds.
Native extension for LinuxStandalone target not found
Refreshing native plugins compatible for Editor in 43,67 ms, found 1 plugins.
Preloading 0 native plugins for Editor in 0,00 ms.
Mono: successfully reloaded assembly
- Completed reload, in  1,887 seconds
Platform modules already initialized, skipping
Registering precompiled user dll's ...
Registered in 0,000729 seconds.
Begin MonoManager ReloadAssembly
Native extension for LinuxStandalone target not found
Refreshing native plugins compatible for Editor in 44,06 ms, found 1 plugins.
Preloading 0 native plugins for Editor in 0,00 ms.
Mono: successfully reloaded assembly
- Completed reload, in  1,094 seconds
Platform modules already initialized, skipping
========================================================================
Worker process is ready to serve import requests
Launched and connected shader compiler UnityShaderCompiler after 0.01 seconds
Refreshing native plugins compatible for Editor in 0,53 ms, found 1 plugins.
Preloading 0 native plugins for Editor in 0,00 ms.
Unloading 1812 Unused Serialized files (Serialized files now loaded: 0)
System memory in use before: 79,2 MB.
System memory in use after: 79,1 MB.

Unloading 24 unused Assets to reduce memory usage. Loaded Objects now: 2254.
Total: 4,957122 ms (FindLiveObjects: 0,245927 ms CreateObjectMapping: 0,095082 ms MarkObjects: 3,917996 ms  DeleteObjects: 0,694893 ms)

========================================================================
Received Import Request.
  path: Assets/Pixel Adventure 1/Scenes/Level2.unity
  artifactKey: Guid(5fa4f84374fa3dd189e157a533926715) Importer(815301076,1909f56bfc062723c751e8b465ee728b)
Start importing Assets/Pixel Adventure 1/Scenes/Level2.unity using Guid(5fa4f84374fa3dd189e157a533926715) Importer(815301076,1909f56bfc062723c751e8b465ee728b)  -> (artifact id: 'a655a18b5228ae0a4a0bb68cd7c2e9f2') in 0,021011 seconds
  Import took 0,026003 seconds .

========================================================================
Received Import Request.
  Time since last request: 148,237456 seconds.
  path: Assets/Scenes/SampleScene.unity
  artifactKey: Guid(2cda990e2423bbf4892e6590ba056729) Importer(815301076,1909f56bfc062723c751e8b465ee728b)
Start importing Assets/Scenes/SampleScene.unity using Guid(2cda990e2423bbf4892e6590ba056729) Importer(815301076,1909f56bfc062723c751e8b465ee728b)  -> (artifact id: '43d594dd933e9a06f1d2df96f9893ed1') in 0,001221 seconds
  Import took 0,006389 seconds .

========================================================================
Received Import Request.
  Time since last request: 34,783901 seconds.
  path: Assets/Scenes/Nivel2.unity
  artifactKey: Guid(21957a2d2698e070c80e3bd2265f6435) Importer(815301076,1909f56bfc062723c751e8b465ee728b)
Start importing Assets/Scenes/Nivel2.unity using Guid(21957a2d2698e070c80e3bd2265f6435) Importer(815301076,1909f56bfc062723c751e8b465ee728b)  -> (artifact id: '507bc7019cb4022b54a86e7b8ede3179') in 0,001626 seconds
  Import took 0,006017 seconds .

========================================================================
Received Import Request.
  Time since last request: 65,982159 seconds.
  path: Assets/Scenes/Nivel2.unity
  artifactKey: Guid(21957a2d2698e070c80e3bd2265f6435) Importer(815301076,1909f56bfc062723c751e8b465ee728b)
Start importing Assets/Scenes/Nivel2.unity using Guid(21957a2d2698e070c80e3bd2265f6435) Importer(815301076,1909f56bfc062723c751e8b465ee728b)  -> (artifact id: '2418d9bebf944d7900b1a629593a06f3') in 0,001334 seconds
  Import took 0,006113 seconds .

========================================================================
Received Prepare
Registering precompiled user dll's ...
Registered in 0,000747 seconds.
Begin MonoManager ReloadAssembly
Native extension for LinuxStandalone target not found
Refreshing native plugins compatible for Editor in 0,45 ms, found 1 plugins.
Preloading 0 native plugins for Editor in 0,00 ms.
Mono: successfully reloaded assembly
- Completed reload, in  0,961 seconds
Platform modules already initialized, skipping
Refreshing native plugins compatible for Editor in 0,58 ms, found 1 plugins.
Preloading 0 native plugins for Editor in 0,00 ms.
Unloading 1807 Unused Serialized files (Serialized files now loaded: 0)
System memory in use before: 79,1 MB.
System memory in use after: 79,1 MB.

Unloading 12 unused Assets to reduce memory usage. Loaded Objects now: 2258.
Total: 3,759414 ms (FindLiveObjects: 0,231052 ms CreateObjectMapping: 0,083526 ms MarkObjects: 3,292146 ms  DeleteObjects: 0,150736 ms)

========================================================================
Received Prepare
Registering precompiled user dll's ...
Registered in 0,000770 seconds.
Begin MonoManager ReloadAssembly
Native extension for LinuxStandalone target not found
Refreshing native plugins compatible for Editor in 0,48 ms, found 1 plugins.
Preloading 0 native plugins for Editor in 0,00 ms.
Mono: successfully reloaded assembly
- Completed reload, in  1,003 seconds
Platform modules already initialized, skipping
Refreshing native plugins compatible for Editor in 0,50 ms, found 1 plugins.
Preloading 0 native plugins for Editor in 0,00 ms.
Unloading 1807 Unused Serialized files (Serialized files now loaded: 0)
System memory in use before: 79,2 MB.
System memory in use after: 79,2 MB.

Unloading 12 unused Assets to reduce memory usage. Loaded Objects now: 2262.
Total: 3,621394 ms (FindLiveObjects: 0,245474 ms CreateObjectMapping: 0,082079 ms MarkObjects: 3,127494 ms  DeleteObjects: 0,164295 ms)

========================================================================
Received Import Request.
  Time since last request: 26,161103 seconds.
  path: Assets/Scenes/Nivel2.unity
  artifactKey: Guid(21957a2d2698e070c80e3bd2265f6435) Importer(815301076,1909f56bfc062723c751e8b465ee728b)
Start importing Assets/Scenes/Nivel2.unity using Guid(21957a2d2698e070c80e3bd2265f6435) Importer(815301076,1909f56bfc062723c751e8b465ee728b)  -> (artifact id: 'b5a1bbdb2e916d256db0a6075668c11b') in 0,013401 seconds
  Import took 0,018088 seconds .

========================================================================
Received Import Request.
  Time since last request: 52,272361 seconds.
  path: Assets/Scenes/Nivel2.unity
  artifactKey: Guid(21957a2d2698e070c80e3bd2265f6435) Importer(815301076,1909f56bfc062723c751e8b465ee728b)
Start importing Assets/Scenes/Nivel2.unity using Guid(21957a2d2698e070c80e3bd2265f6435) Importer(815301076,1909f56bfc062723c751e8b465ee728b)  -> (artifact id: '94506af74460866982aa40484682dd36') in 0,022850 seconds
  Import took 0,027698 seconds .

========================================================================
Received Import Request.
  Time since last request: 33,473898 seconds.
  path: Assets/Scenes/Nivel2.unity
  artifactKey: Guid(21957a2d2698e070c80e3bd2265f6435) Importer(815301076,1909f56bfc062723c751e8b465ee728b)
Start importing Assets/Scenes/Nivel2.unity using Guid(21957a2d2698e070c80e3bd2265f6435) Importer(815301076,1909f56bfc062723c751e8b465ee728b)  -> (artifact id: '3fbb0639c247372fba82a41f8c88978a') in 0,001836 seconds
  Import took 0,006524 seconds .

========================================================================
Received Prepare
Registering precompiled user dll's ...
Registered in 0,000785 seconds.
Begin MonoManager ReloadAssembly
Native extension for LinuxStandalone target not found
Refreshing native plugins compatible for Editor in 0,45 ms, found 1 plugins.
Preloading 0 native plugins for Editor in 0,00 ms.
Mono: successfully reloaded assembly
- Completed reload, in  0,940 seconds
Platform modules already initialized, skipping
Refreshing native plugins compatible for Editor in 0,54 ms, found 1 plugins.
Preloading 0 native plugins for Editor in 0,00 ms.
Unloading 1807 Unused Serialized files (Serialized files now loaded: 0)
System memory in use before: 79,2 MB.
System memory in use after: 79,2 MB.

Unloading 12 unused Assets to reduce memory usage. Loaded Objects now: 2266.
Total: 3,638277 ms (FindLiveObjects: 0,278502 ms CreateObjectMapping: 0,102312 ms MarkObjects: 3,110956 ms  DeleteObjects: 0,145161 ms)

========================================================================
Received Prepare
Registering precompiled user dll's ...
Registered in 0,000835 seconds.
Begin MonoManager ReloadAssembly
Native extension for LinuxStandalone target not found
Refreshing native plugins compatible for Editor in 0,47 ms, found 1 plugins.
Preloading 0 native plugins for Editor in 0,00 ms.
Mono: successfully reloaded assembly
- Completed reload, in  0,941 seconds
Platform modules already initialized, skipping
Refreshing native plugins compatible for Editor in 0,63 ms, found 1 plugins.
Preloading 0 native plugins for Editor in 0,00 ms.
Unloading 1807 Unused Serialized files (Serialized files now loaded: 0)
System memory in use before: 79,2 MB.
System memory in use after: 79,2 MB.

Unloading 12 unused Assets to reduce memory usage. Loaded Objects now: 2270.
Total: 3,461164 ms (FindLiveObjects: 0,221842 ms CreateObjectMapping: 0,068343 ms MarkObjects: 3,017006 ms  DeleteObjects: 0,152390 ms)

========================================================================
Received Prepare
Registering precompiled user dll's ...
Registered in 0,000718 seconds.
Begin MonoManager ReloadAssembly
Native extension for LinuxStandalone target not found
Refreshing native plugins compatible for Editor in 1,04 ms, found 1 plugins.
Preloading 0 native plugins for Editor in 0,00 ms.
Mono: successfully reloaded assembly
- Completed reload, in  1,092 seconds
Platform modules already initialized, skipping
Refreshing native plugins compatible for Editor in 0,44 ms, found 1 plugins.
Preloading 0 native plugins for Editor in 0,00 ms.
Unloading 1807 Unused Serialized files (Serialized files now loaded: 0)
System memory in use before: 79,2 MB.
System memory in use after: 79,2 MB.

Unloading 12 unused Assets to reduce memory usage. Loaded Objects now: 2274.
Total: 5,126485 ms (FindLiveObjects: 0,387579 ms CreateObjectMapping: 0,313391 ms MarkObjects: 4,251426 ms  DeleteObjects: 0,171879 ms)

========================================================================
Received Import Request.
  Time since last request: 41,119336 seconds.
  path: Assets/Scenes/Nivel2.unity
  artifactKey: Guid(21957a2d2698e070c80e3bd2265f6435) Importer(815301076,1909f56bfc062723c751e8b465ee728b)
Start importing Assets/Scenes/Nivel2.unity using Guid(21957a2d2698e070c80e3bd2265f6435) Importer(815301076,1909f56bfc062723c751e8b465ee728b)  -> (artifact id: 'a0ad3851bb2a7e0e2cf4112eb9522daa') in 0,014513 seconds
  Import took 0,020275 seconds .

========================================================================
Received Prepare
Registering precompiled user dll's ...
Registered in 0,000769 seconds.
Begin MonoManager ReloadAssembly
Native extension for LinuxStandalone target not found
Refreshing native plugins compatible for Editor in 0,48 ms, found 1 plugins.
Preloading 0 native plugins for Editor in 0,00 ms.
Mono: successfully reloaded assembly
- Completed reload, in  0,956 seconds
Platform modules already initialized, skipping
Refreshing native plugins compatible for Editor in 0,44 ms, found 1 plugins.
Preloading 0 native plugins for Editor in 0,00 ms.
Unloading 1807 Unused Serialized files (Serialized files now loaded: 0)
System memory in use before: 79,3 MB.
System memory in use after: 79,3 MB.

Unloading 12 unused Assets to reduce memory usage. Loaded Objects now: 2278.
Total: 3,138233 ms (FindLiveObjects: 0,208227 ms CreateObjectMapping: 0,100593 ms MarkObjects: 2,670912 ms  DeleteObjects: 0,157048 ms)

========================================================================
Received Prepare
Registering precompiled user dll's ...
Registered in 0,000906 seconds.
Begin MonoManager ReloadAssembly
Native extension for LinuxStandalone target not found
Refreshing native plugins compatible for Editor in 0,46 ms, found 1 plugins.
Preloading 0 native plugins for Editor in 0,00 ms.
Mono: successfully reloaded assembly
- Completed reload, in  0,960 seconds
Platform modules already initialized, skipping
Refreshing native plugins compatible for Editor in 0,46 ms, found 1 plugins.
Preloading 0 native plugins for Editor in 0,00 ms.
Unloading 1807 Unused Serialized files (Serialized files now loaded: 0)
System memory in use before: 79,3 MB.
System memory in use after: 79,3 MB.

Unloading 12 unused Assets to reduce memory usage. Loaded Objects now: 2282.
Total: 3,608720 ms (FindLiveObjects: 0,340803 ms CreateObjectMapping: 0,135561 ms MarkObjects: 2,955689 ms  DeleteObjects: 0,174855 ms)

========================================================================
Received Prepare
Registering precompiled user dll's ...
Registered in 0,000826 seconds.
Begin MonoManager ReloadAssembly
Native extension for LinuxStandalone target not found
Refreshing native plugins compatible for Editor in 0,45 ms, found 1 plugins.
Preloading 0 native plugins for Editor in 0,00 ms.
Mono: successfully reloaded assembly
- Completed reload, in  0,949 seconds
Platform modules already initialized, skipping
Refreshing native plugins compatible for Editor in 0,82 ms, found 1 plugins.
Preloading 0 native plugins for Editor in 0,00 ms.
Unloading 1807 Unused Serialized files (Serialized files now loaded: 0)
System memory in use before: 79,3 MB.
System memory in use after: 79,3 MB.

Unloading 12 unused Assets to reduce memory usage. Loaded Objects now: 2286.
Total: 3,531475 ms (FindLiveObjects: 0,229651 ms CreateObjectMapping: 0,064645 ms MarkObjects: 3,061432 ms  DeleteObjects: 0,174461 ms)

========================================================================
Received Prepare
Registering precompiled user dll's ...
Registered in 0,001694 seconds.
Begin MonoManager ReloadAssembly
Native extension for LinuxStandalone target not found
Refreshing native plugins compatible for Editor in 0,45 ms, found 1 plugins.
Preloading 0 native plugins for Editor in 0,00 ms.
Mono: successfully reloaded assembly
- Completed reload, in  1,015 seconds
Platform modules already initialized, skipping
Refreshing native plugins compatible for Editor in 0,54 ms, found 1 plugins.
Preloading 0 native plugins for Editor in 0,00 ms.
Unloading 1807 Unused Serialized files (Serialized files now loaded: 0)
System memory in use before: 79,3 MB.
System memory in use after: 79,3 MB.

Unloading 12 unused Assets to reduce memory usage. Loaded Objects now: 2290.
Total: 3,164471 ms (FindLiveObjects: 0,234408 ms CreateObjectMapping: 0,070222 ms MarkObjects: 2,698200 ms  DeleteObjects: 0,159831 ms)

========================================================================
Received Prepare
Registering precompiled user dll's ...
Registered in 0,000797 seconds.
Begin MonoManager ReloadAssembly
Native extension for LinuxStandalone target not found
Refreshing native plugins compatible for Editor in 0,53 ms, found 1 plugins.
Preloading 0 native plugins for Editor in 0,00 ms.
Mono: successfully reloaded assembly
- Completed reload, in  0,941 seconds
Platform modules already initialized, skipping
Refreshing native plugins compatible for Editor in 0,63 ms, found 1 plugins.
Preloading 0 native plugins for Editor in 0,00 ms.
Unloading 1807 Unused Serialized files (Serialized files now loaded: 0)
System memory in use before: 79,3 MB.
System memory in use after: 79,3 MB.

Unloading 12 unused Assets to reduce memory usage. Loaded Objects now: 2294.
Total: 8,423004 ms (FindLiveObjects: 0,247507 ms CreateObjectMapping: 0,070220 ms MarkObjects: 7,867237 ms  DeleteObjects: 0,235650 ms)

========================================================================
Received Prepare
Registering precompiled user dll's ...
Registered in 0,000769 seconds.
Begin MonoManager ReloadAssembly
Native extension for LinuxStandalone target not found
Refreshing native plugins compatible for Editor in 0,48 ms, found 1 plugins.
Preloading 0 native plugins for Editor in 0,00 ms.
Mono: successfully reloaded assembly
- Completed reload, in  0,968 seconds
Platform modules already initialized, skipping
Refreshing native plugins compatible for Editor in 0,63 ms, found 1 plugins.
Preloading 0 native plugins for Editor in 0,00 ms.
Unloading 1807 Unused Serialized files (Serialized files now loaded: 0)
System memory in use before: 79,3 MB.
System memory in use after: 79,3 MB.

Unloading 12 unused Assets to reduce memory usage. Loaded Objects now: 2298.
Total: 3,484068 ms (FindLiveObjects: 0,251603 ms CreateObjectMapping: 0,106187 ms MarkObjects: 2,945098 ms  DeleteObjects: 0,179059 ms)

========================================================================
Received Prepare
Registering precompiled user dll's ...
Registered in 0,000763 seconds.
Begin MonoManager ReloadAssembly
Native extension for LinuxStandalone target not found
Refreshing native plugins compatible for Editor in 0,53 ms, found 1 plugins.
Preloading 0 native plugins for Editor in 0,00 ms.
Mono: successfully reloaded assembly
- Completed reload, in  1,019 seconds
Platform modules already initialized, skipping
Refreshing native plugins compatible for Editor in 1,65 ms, found 1 plugins.
Preloading 0 native plugins for Editor in 0,00 ms.
Unloading 1807 Unused Serialized files (Serialized files now loaded: 0)
System memory in use before: 79,3 MB.
System memory in use after: 79,3 MB.

Unloading 12 unused Assets to reduce memory usage. Loaded Objects now: 2302.
Total: 4,097981 ms (FindLiveObjects: 0,749383 ms CreateObjectMapping: 0,340401 ms MarkObjects: 2,822623 ms  DeleteObjects: 0,180501 ms)

========================================================================
Received Prepare
Registering precompiled user dll's ...
Registered in 0,000797 seconds.
Begin MonoManager ReloadAssembly
Native extension for LinuxStandalone target not found
Refreshing native plugins compatible for Editor in 0,44 ms, found 1 plugins.
Preloading 0 native plugins for Editor in 0,00 ms.
Mono: successfully reloaded assembly
- Completed reload, in  0,962 seconds
Platform modules already initialized, skipping
Refreshing native plugins compatible for Editor in 0,48 ms, found 1 plugins.
Preloading 0 native plugins for Editor in 0,00 ms.
Unloading 1807 Unused Serialized files (Serialized files now loaded: 0)
System memory in use before: 79,3 MB.
System memory in use after: 79,3 MB.

Unloading 12 unused Assets to reduce memory usage. Loaded Objects now: 2306.
Total: 3,659557 ms (FindLiveObjects: 0,326151 ms CreateObjectMapping: 0,080678 ms MarkObjects: 3,066727 ms  DeleteObjects: 0,184546 ms)

========================================================================
Received Prepare
Registering precompiled user dll's ...
Registered in 0,000758 seconds.
Begin MonoManager ReloadAssembly
Native extension for LinuxStandalone target not found
Refreshing native plugins compatible for Editor in 0,43 ms, found 1 plugins.
Preloading 0 native plugins for Editor in 0,00 ms.
Mono: successfully reloaded assembly
- Completed reload, in  0,961 seconds
Platform modules already initialized, skipping
Refreshing native plugins compatible for Editor in 0,90 ms, found 1 plugins.
Preloading 0 native plugins for Editor in 0,00 ms.
Unloading 1807 Unused Serialized files (Serialized files now loaded: 0)
System memory in use before: 79,3 MB.
System memory in use after: 79,3 MB.

Unloading 12 unused Assets to reduce memory usage. Loaded Objects now: 2310.
Total: 6,579833 ms (FindLiveObjects: 0,244062 ms CreateObjectMapping: 0,075813 ms MarkObjects: 6,098744 ms  DeleteObjects: 0,159783 ms)

========================================================================
Received Prepare
Registering precompiled user dll's ...
Registered in 0,000938 seconds.
Begin MonoManager ReloadAssembly
Native extension for LinuxStandalone target not found
Refreshing native plugins compatible for Editor in 0,43 ms, found 1 plugins.
Preloading 0 native plugins for Editor in 0,00 ms.
Mono: successfully reloaded assembly
- Completed reload, in  0,954 seconds
Platform modules already initialized, skipping
Refreshing native plugins compatible for Editor in 0,45 ms, found 1 plugins.
Preloading 0 native plugins for Editor in 0,00 ms.
Unloading 1807 Unused Serialized files (Serialized files now loaded: 0)
System memory in use before: 79,3 MB.
System memory in use after: 79,3 MB.

Unloading 12 unused Assets to reduce memory usage. Loaded Objects now: 2314.
Total: 4,950407 ms (FindLiveObjects: 0,833687 ms CreateObjectMapping: 0,381653 ms MarkObjects: 3,568626 ms  DeleteObjects: 0,164444 ms)

========================================================================
Received Prepare
Registering precompiled user dll's ...
Registered in 0,000962 seconds.
Begin MonoManager ReloadAssembly
Native extension for LinuxStandalone target not found
Refreshing native plugins compatible for Editor in 0,47 ms, found 1 plugins.
Preloading 0 native plugins for Editor in 0,00 ms.
Mono: successfully reloaded assembly
- Completed reload, in  1,027 seconds
Platform modules already initialized, skipping
Refreshing native plugins compatible for Editor in 0,49 ms, found 1 plugins.
Preloading 0 native plugins for Editor in 0,00 ms.
Unloading 1807 Unused Serialized files (Serialized files now loaded: 0)
System memory in use before: 79,3 MB.
System memory in use after: 79,3 MB.

Unloading 12 unused Assets to reduce memory usage. Loaded Objects now: 2318.
Total: 3,386476 ms (FindLiveObjects: 0,236079 ms CreateObjectMapping: 0,077268 ms MarkObjects: 2,908839 ms  DeleteObjects: 0,162547 ms)

========================================================================
Received Import Request.
  Time since last request: 1659,913755 seconds.
  path: Assets/Scenes/Nivel2.unity
  artifactKey: Guid(21957a2d2698e070c80e3bd2265f6435) Importer(815301076,1909f56bfc062723c751e8b465ee728b)
Start importing Assets/Scenes/Nivel2.unity using Guid(21957a2d2698e070c80e3bd2265f6435) Importer(815301076,1909f56bfc062723c751e8b465ee728b)  -> (artifact id: '5c91ee6b21002402682257bd09613c42') in 0,013212 seconds
  Import took 0,017686 seconds .

========================================================================
Received Import Request.
  Time since last request: 0,001018 seconds.
  path: Assets/Scenes/Nivel2.unity
  artifactKey: Guid(21957a2d2698e070c80e3bd2265f6435) Importer(815301076,1909f56bfc062723c751e8b465ee728b)
Start importing Assets/Scenes/Nivel2.unity using Guid(21957a2d2698e070c80e3bd2265f6435) Importer(815301076,1909f56bfc062723c751e8b465ee728b)  -> (artifact id: '5c91ee6b21002402682257bd09613c42') in 0,001159 seconds
  Import took 0,006004 seconds .

========================================================================
Received Prepare
Registering precompiled user dll's ...
Registered in 0,000876 seconds.
Begin MonoManager ReloadAssembly
Native extension for LinuxStandalone target not found
Refreshing native plugins compatible for Editor in 0,54 ms, found 1 plugins.
Preloading 0 native plugins for Editor in 0,00 ms.
Mono: successfully reloaded assembly
- Completed reload, in  0,970 seconds
Platform modules already initialized, skipping
Refreshing native plugins compatible for Editor in 0,50 ms, found 1 plugins.
Preloading 0 native plugins for Editor in 0,00 ms.
Unloading 1807 Unused Serialized files (Serialized files now loaded: 0)
System memory in use before: 79,3 MB.
System memory in use after: 79,3 MB.

Unloading 12 unused Assets to reduce memory usage. Loaded Objects now: 2322.
Total: 3,559473 ms (FindLiveObjects: 0,263659 ms CreateObjectMapping: 0,086076 ms MarkObjects: 3,045625 ms  DeleteObjects: 0,161985 ms)

========================================================================
Received Prepare
Registering precompiled user dll's ...
Registered in 0,000902 seconds.
Begin MonoManager ReloadAssembly
Native extension for LinuxStandalone target not found
Refreshing native plugins compatible for Editor in 0,47 ms, found 1 plugins.
Preloading 0 native plugins for Editor in 0,00 ms.
Mono: successfully reloaded assembly
- Completed reload, in  0,952 seconds
Platform modules already initialized, skipping
Refreshing native plugins compatible for Editor in 0,44 ms, found 1 plugins.
Preloading 0 native plugins for Editor in 0,00 ms.
Unloading 1807 Unused Serialized files (Serialized files now loaded: 0)
System memory in use before: 79,4 MB.
System memory in use after: 79,3 MB.

Unloading 12 unused Assets to reduce memory usage. Loaded Objects now: 2326.
Total: 3,918260 ms (FindLiveObjects: 0,257675 ms CreateObjectMapping: 0,083970 ms MarkObjects: 3,417001 ms  DeleteObjects: 0,157668 ms)

========================================================================
Received Prepare
Registering precompiled user dll's ...
Registered in 0,000974 seconds.
Begin MonoManager ReloadAssembly
Native extension for LinuxStandalone target not found
Refreshing native plugins compatible for Editor in 0,58 ms, found 1 plugins.
Preloading 0 native plugins for Editor in 0,00 ms.
Mono: successfully reloaded assembly
- Completed reload, in  1,095 seconds
Platform modules already initialized, skipping
Refreshing native plugins compatible for Editor in 1,74 ms, found 1 plugins.
Preloading 0 native plugins for Editor in 0,00 ms.
Unloading 1807 Unused Serialized files (Serialized files now loaded: 0)
System memory in use before: 79,4 MB.
System memory in use after: 79,4 MB.

Unloading 12 unused Assets to reduce memory usage. Loaded Objects now: 2330.
Total: 3,026856 ms (FindLiveObjects: 0,229677 ms CreateObjectMapping: 0,071084 ms MarkObjects: 2,563550 ms  DeleteObjects: 0,161222 ms)

========================================================================
Received Prepare
Registering precompiled user dll's ...
Registered in 0,000770 seconds.
Begin MonoManager ReloadAssembly
Native extension for LinuxStandalone target not found
Refreshing native plugins compatible for Editor in 0,44 ms, found 1 plugins.
Preloading 0 native plugins for Editor in 0,00 ms.
Mono: successfully reloaded assembly
- Completed reload, in  0,963 seconds
Platform modules already initialized, skipping
Refreshing native plugins compatible for Editor in 0,46 ms, found 1 plugins.
Preloading 0 native plugins for Editor in 0,00 ms.
Unloading 1807 Unused Serialized files (Serialized files now loaded: 0)
System memory in use before: 79,4 MB.
System memory in use after: 79,4 MB.

Unloading 12 unused Assets to reduce memory usage. Loaded Objects now: 2334.
Total: 4,131008 ms (FindLiveObjects: 0,282549 ms CreateObjectMapping: 0,114418 ms MarkObjects: 3,563793 ms  DeleteObjects: 0,168371 ms)

========================================================================
Received Prepare
Registering precompiled user dll's ...
Registered in 0,000793 seconds.
Begin MonoManager ReloadAssembly
Native extension for LinuxStandalone target not found
Refreshing native plugins compatible for Editor in 0,51 ms, found 1 plugins.
Preloading 0 native plugins for Editor in 0,00 ms.
Mono: successfully reloaded assembly
- Completed reload, in  1,088 seconds
Platform modules already initialized, skipping
Refreshing native plugins compatible for Editor in 0,44 ms, found 1 plugins.
Preloading 0 native plugins for Editor in 0,00 ms.
Unloading 1807 Unused Serialized files (Serialized files now loaded: 0)
System memory in use before: 79,4 MB.
System memory in use after: 79,4 MB.

Unloading 12 unused Assets to reduce memory usage. Loaded Objects now: 2338.
Total: 3,898106 ms (FindLiveObjects: 0,264093 ms CreateObjectMapping: 0,091125 ms MarkObjects: 3,363451 ms  DeleteObjects: 0,177158 ms)

========================================================================
Received Prepare
Registering precompiled user dll's ...
Registered in 0,000760 seconds.
Begin MonoManager ReloadAssembly
Native extension for LinuxStandalone target not found
Refreshing native plugins compatible for Editor in 0,51 ms, found 1 plugins.
Preloading 0 native plugins for Editor in 0,00 ms.
Mono: successfully reloaded assembly
- Completed reload, in  0,982 seconds
Platform modules already initialized, skipping
Refreshing native plugins compatible for Editor in 0,48 ms, found 1 plugins.
Preloading 0 native plugins for Editor in 0,00 ms.
Unloading 1807 Unused Serialized files (Serialized files now loaded: 0)
System memory in use before: 79,4 MB.
System memory in use after: 79,4 MB.

Unloading 12 unused Assets to reduce memory usage. Loaded Objects now: 2342.
Total: 5,388829 ms (FindLiveObjects: 0,642013 ms CreateObjectMapping: 0,821828 ms MarkObjects: 3,755207 ms  DeleteObjects: 0,166390 ms)

========================================================================
Received Prepare
Registering precompiled user dll's ...
Registered in 0,001049 seconds.
Begin MonoManager ReloadAssembly
Native extension for LinuxStandalone target not found
Refreshing native plugins compatible for Editor in 0,52 ms, found 1 plugins.
Preloading 0 native plugins for Editor in 0,00 ms.
Mono: successfully reloaded assembly
- Completed reload, in  0,988 seconds
Platform modules already initialized, skipping
Refreshing native plugins compatible for Editor in 0,46 ms, found 1 plugins.
Preloading 0 native plugins for Editor in 0,00 ms.
Unloading 1807 Unused Serialized files (Serialized files now loaded: 0)
System memory in use before: 79,4 MB.
System memory in use after: 79,4 MB.

Unloading 12 unused Assets to reduce memory usage. Loaded Objects now: 2346.
Total: 5,529611 ms (FindLiveObjects: 0,257435 ms CreateObjectMapping: 0,073480 ms MarkObjects: 5,036481 ms  DeleteObjects: 0,160432 ms)

========================================================================
Received Prepare
Registering precompiled user dll's ...
Registered in 0,000991 seconds.
Begin MonoManager ReloadAssembly
Native extension for LinuxStandalone target not found
Refreshing native plugins compatible for Editor in 0,45 ms, found 1 plugins.
Preloading 0 native plugins for Editor in 0,00 ms.
Mono: successfully reloaded assembly
- Completed reload, in  0,972 seconds
Platform modules already initialized, skipping
Refreshing native plugins compatible for Editor in 0,49 ms, found 1 plugins.
Preloading 0 native plugins for Editor in 0,00 ms.
Unloading 1807 Unused Serialized files (Serialized files now loaded: 0)
System memory in use before: 79,4 MB.
System memory in use after: 79,4 MB.

Unloading 12 unused Assets to reduce memory usage. Loaded Objects now: 2350.
Total: 3,190801 ms (FindLiveObjects: 0,220770 ms CreateObjectMapping: 0,065629 ms MarkObjects: 2,717898 ms  DeleteObjects: 0,184819 ms)

========================================================================
Received Prepare
Registering precompiled user dll's ...
Registered in 0,000740 seconds.
Begin MonoManager ReloadAssembly
Native extension for LinuxStandalone target not found
Refreshing native plugins compatible for Editor in 0,59 ms, found 1 plugins.
Preloading 0 native plugins for Editor in 0,00 ms.
Mono: successfully reloaded assembly
- Completed reload, in  0,985 seconds
Platform modules already initialized, skipping
Refreshing native plugins compatible for Editor in 0,56 ms, found 1 plugins.
Preloading 0 native plugins for Editor in 0,00 ms.
Unloading 1807 Unused Serialized files (Serialized files now loaded: 0)
System memory in use before: 79,4 MB.
System memory in use after: 79,4 MB.

Unloading 12 unused Assets to reduce memory usage. Loaded Objects now: 2354.
Total: 3,481777 ms (FindLiveObjects: 0,232662 ms CreateObjectMapping: 0,067908 ms MarkObjects: 3,020762 ms  DeleteObjects: 0,158204 ms)

========================================================================
Received Prepare
Registering precompiled user dll's ...
Registered in 0,000800 seconds.
Begin MonoManager ReloadAssembly
Native extension for LinuxStandalone target not found
Refreshing native plugins compatible for Editor in 0,51 ms, found 1 plugins.
Preloading 0 native plugins for Editor in 0,00 ms.
Mono: successfully reloaded assembly
- Completed reload, in  1,013 seconds
Platform modules already initialized, skipping
Refreshing native plugins compatible for Editor in 0,42 ms, found 1 plugins.
Preloading 0 native plugins for Editor in 0,00 ms.
Unloading 1807 Unused Serialized files (Serialized files now loaded: 0)
System memory in use before: 79,4 MB.
System memory in use after: 79,4 MB.

Unloading 12 unused Assets to reduce memory usage. Loaded Objects now: 2358.
Total: 6,763476 ms (FindLiveObjects: 0,342224 ms CreateObjectMapping: 0,136478 ms MarkObjects: 6,101259 ms  DeleteObjects: 0,181383 ms)

========================================================================
Received Import Request.
  Time since last request: 1075,819618 seconds.
  path: Assets/Pixel Adventure 1/Scripts/NewBehaviourScript.cs
  artifactKey: Guid(675a92d601479b9c0b54962d47174cbc) Importer(815301076,1909f56bfc062723c751e8b465ee728b)
Start importing Assets/Pixel Adventure 1/Scripts/NewBehaviourScript.cs using Guid(675a92d601479b9c0b54962d47174cbc) Importer(815301076,1909f56bfc062723c751e8b465ee728b)  -> (artifact id: '949ed6d22bdaa9872b1989dafa8934dd') in 0,004922 seconds
  Import took 0,009083 seconds .

========================================================================
Received Prepare
Registering precompiled user dll's ...
Registered in 0,000756 seconds.
Begin MonoManager ReloadAssembly
Native extension for LinuxStandalone target not found
Refreshing native plugins compatible for Editor in 0,54 ms, found 1 plugins.
Preloading 0 native plugins for Editor in 0,00 ms.
Mono: successfully reloaded assembly
- Completed reload, in  1,031 seconds
Platform modules already initialized, skipping
Refreshing native plugins compatible for Editor in 0,56 ms, found 1 plugins.
Preloading 0 native plugins for Editor in 0,00 ms.
Unloading 1808 Unused Serialized files (Serialized files now loaded: 0)
System memory in use before: 79,4 MB.
System memory in use after: 79,4 MB.

Unloading 12 unused Assets to reduce memory usage. Loaded Objects now: 2363.
Total: 3,256602 ms (FindLiveObjects: 0,275735 ms CreateObjectMapping: 0,093558 ms MarkObjects: 2,699915 ms  DeleteObjects: 0,185303 ms)

========================================================================
Received Prepare
Registering precompiled user dll's ...
Registered in 0,000885 seconds.
Begin MonoManager ReloadAssembly
Native extension for LinuxStandalone target not found
Refreshing native plugins compatible for Editor in 0,52 ms, found 1 plugins.
Preloading 0 native plugins for Editor in 0,00 ms.
Mono: successfully reloaded assembly
- Completed reload, in  1,031 seconds
Platform modules already initialized, skipping
Refreshing native plugins compatible for Editor in 0,41 ms, found 1 plugins.
Preloading 0 native plugins for Editor in 0,00 ms.
Unloading 1807 Unused Serialized files (Serialized files now loaded: 0)
System memory in use before: 79,4 MB.
System memory in use after: 79,4 MB.

Unloading 13 unused Assets to reduce memory usage. Loaded Objects now: 2366.
Total: 5,781732 ms (FindLiveObjects: 0,370600 ms CreateObjectMapping: 0,163283 ms MarkObjects: 5,033378 ms  DeleteObjects: 0,211483 ms)

========================================================================
Received Import Request.
  Time since last request: 140,444632 seconds.
  path: Assets/Pixel Adventure 1/Scripts/FruitManager.cs
  artifactKey: Guid(31d9edf8103c22288aeaa7ef6ece281e) Importer(815301076,1909f56bfc062723c751e8b465ee728b)
Start importing Assets/Pixel Adventure 1/Scripts/FruitManager.cs using Guid(31d9edf8103c22288aeaa7ef6ece281e) Importer(815301076,1909f56bfc062723c751e8b465ee728b)  -> (artifact id: 'ed7eb0d3cc29c135788ed222adb26f0f') in 0,005026 seconds
  Import took 0,009154 seconds .

========================================================================
Received Import Request.
  Time since last request: 0,005506 seconds.
  path: Assets/Pixel Adventure 1/Scripts/FruitManager.cs
  artifactKey: Guid(31d9edf8103c22288aeaa7ef6ece281e) Importer(815301076,1909f56bfc062723c751e8b465ee728b)
Start importing Assets/Pixel Adventure 1/Scripts/FruitManager.cs using Guid(31d9edf8103c22288aeaa7ef6ece281e) Importer(815301076,1909f56bfc062723c751e8b465ee728b)  -> (artifact id: 'ed7eb0d3cc29c135788ed222adb26f0f') in 0,002281 seconds
  Import took 0,009711 seconds .

========================================================================
Received Prepare
Registering precompiled user dll's ...
Registered in 0,000743 seconds.
Begin MonoManager ReloadAssembly
Native extension for LinuxStandalone target not found
Refreshing native plugins compatible for Editor in 1,07 ms, found 1 plugins.
Preloading 0 native plugins for Editor in 0,00 ms.
Mono: successfully reloaded assembly
- Completed reload, in  1,056 seconds
Platform modules already initialized, skipping
Refreshing native plugins compatible for Editor in 0,47 ms, found 1 plugins.
Preloading 0 native plugins for Editor in 0,00 ms.
Unloading 1808 Unused Serialized files (Serialized files now loaded: 0)
System memory in use before: 79,5 MB.
System memory in use after: 79,5 MB.

Unloading 12 unused Assets to reduce memory usage. Loaded Objects now: 2371.
Total: 5,524660 ms (FindLiveObjects: 0,680440 ms CreateObjectMapping: 0,127698 ms MarkObjects: 4,526607 ms  DeleteObjects: 0,187609 ms)

========================================================================
Received Prepare
Registering precompiled user dll's ...
Registered in 0,000791 seconds.
Begin MonoManager ReloadAssembly
Native extension for LinuxStandalone target not found
Refreshing native plugins compatible for Editor in 0,60 ms, found 1 plugins.
Preloading 0 native plugins for Editor in 0,00 ms.
Mono: successfully reloaded assembly
- Completed reload, in  1,053 seconds
Platform modules already initialized, skipping
Refreshing native plugins compatible for Editor in 0,50 ms, found 1 plugins.
Preloading 0 native plugins for Editor in 0,00 ms.
Unloading 1808 Unused Serialized files (Serialized files now loaded: 0)
System memory in use before: 79,5 MB.
System memory in use after: 79,5 MB.

Unloading 12 unused Assets to reduce memory usage. Loaded Objects now: 2375.
Total: 3,777111 ms (FindLiveObjects: 0,268079 ms CreateObjectMapping: 0,067756 ms MarkObjects: 3,284961 ms  DeleteObjects: 0,154098 ms)

========================================================================
Received Import Request.
  Time since last request: 50,302166 seconds.
  path: Assets/Pixel Adventure 1/Scripts/FruitManager.cs
  artifactKey: Guid(31d9edf8103c22288aeaa7ef6ece281e) Importer(815301076,1909f56bfc062723c751e8b465ee728b)
Start importing Assets/Pixel Adventure 1/Scripts/FruitManager.cs using Guid(31d9edf8103c22288aeaa7ef6ece281e) Importer(815301076,1909f56bfc062723c751e8b465ee728b)  -> (artifact id: '5cd874f2b6e1304479b5943b1487a07f') in 0,006409 seconds
  Import took 0,010765 seconds .

========================================================================
Received Prepare
Registering precompiled user dll's ...
Registered in 0,001079 seconds.
Begin MonoManager ReloadAssembly
Native extension for LinuxStandalone target not found
Refreshing native plugins compatible for Editor in 0,46 ms, found 1 plugins.
Preloading 0 native plugins for Editor in 0,00 ms.
Mono: successfully reloaded assembly
- Completed reload, in  1,064 seconds
Platform modules already initialized, skipping
Refreshing native plugins compatible for Editor in 0,46 ms, found 1 plugins.
Preloading 0 native plugins for Editor in 0,00 ms.
Unloading 1808 Unused Serialized files (Serialized files now loaded: 0)
System memory in use before: 79,5 MB.
System memory in use after: 79,5 MB.

Unloading 12 unused Assets to reduce memory usage. Loaded Objects now: 2379.
Total: 4,166162 ms (FindLiveObjects: 0,254771 ms CreateObjectMapping: 0,077086 ms MarkObjects: 3,631252 ms  DeleteObjects: 0,200704 ms)

========================================================================
Received Prepare
Registering precompiled user dll's ...
Registered in 0,000829 seconds.
Begin MonoManager ReloadAssembly
Native extension for LinuxStandalone target not found
Refreshing native plugins compatible for Editor in 0,46 ms, found 1 plugins.
Preloading 0 native plugins for Editor in 0,00 ms.
Mono: successfully reloaded assembly
- Completed reload, in  1,070 seconds
Platform modules already initialized, skipping
Refreshing native plugins compatible for Editor in 0,45 ms, found 1 plugins.
Preloading 0 native plugins for Editor in 0,00 ms.
Unloading 1808 Unused Serialized files (Serialized files now loaded: 0)
System memory in use before: 79,5 MB.
System memory in use after: 79,5 MB.

Unloading 12 unused Assets to reduce memory usage. Loaded Objects now: 2383.
Total: 3,775667 ms (FindLiveObjects: 0,251627 ms CreateObjectMapping: 0,082491 ms MarkObjects: 3,203454 ms  DeleteObjects: 0,236736 ms)

========================================================================
Received Import Request.
  Time since last request: 167,212265 seconds.
  path: Assets/Pixel Adventure 1/Scripts/FruitManager.cs
  artifactKey: Guid(31d9edf8103c22288aeaa7ef6ece281e) Importer(815301076,1909f56bfc062723c751e8b465ee728b)
Start importing Assets/Pixel Adventure 1/Scripts/FruitManager.cs using Guid(31d9edf8103c22288aeaa7ef6ece281e) Importer(815301076,1909f56bfc062723c751e8b465ee728b)  -> (artifact id: '08cc278060f99e1f2d29d7a4a1a48231') in 0,005988 seconds
  Import took 0,011125 seconds .

========================================================================
Received Prepare
Registering precompiled user dll's ...
Registered in 0,000889 seconds.
Begin MonoManager ReloadAssembly
Native extension for LinuxStandalone target not found
Refreshing native plugins compatible for Editor in 0,49 ms, found 1 plugins.
Preloading 0 native plugins for Editor in 0,00 ms.
Mono: successfully reloaded assembly
- Completed reload, in  1,079 seconds
Platform modules already initialized, skipping
Refreshing native plugins compatible for Editor in 0,42 ms, found 1 plugins.
Preloading 0 native plugins for Editor in 0,00 ms.
Unloading 1808 Unused Serialized files (Serialized files now loaded: 0)
System memory in use before: 79,5 MB.
System memory in use after: 79,5 MB.

Unloading 12 unused Assets to reduce memory usage. Loaded Objects now: 2387.
Total: 7,129851 ms (FindLiveObjects: 0,307822 ms CreateObjectMapping: 0,100619 ms MarkObjects: 6,401514 ms  DeleteObjects: 0,315625 ms)

========================================================================
Received Prepare
Registering precompiled user dll's ...
Registered in 0,001233 seconds.
Begin MonoManager ReloadAssembly
Native extension for LinuxStandalone target not found
Refreshing native plugins compatible for Editor in 0,54 ms, found 1 plugins.
Preloading 0 native plugins for Editor in 0,00 ms.
Mono: successfully reloaded assembly
- Completed reload, in  0,971 seconds
Platform modules already initialized, skipping
Refreshing native plugins compatible for Editor in 0,62 ms, found 1 plugins.
Preloading 0 native plugins for Editor in 0,00 ms.
Unloading 1808 Unused Serialized files (Serialized files now loaded: 0)
System memory in use before: 79,5 MB.
System memory in use after: 79,5 MB.

Unloading 12 unused Assets to reduce memory usage. Loaded Objects now: 2391.
Total: 3,270748 ms (FindLiveObjects: 0,243981 ms CreateObjectMapping: 0,063528 ms MarkObjects: 2,773406 ms  DeleteObjects: 0,187863 ms)

========================================================================
Received Prepare
Registering precompiled user dll's ...
Registered in 0,001236 seconds.
Begin MonoManager ReloadAssembly
Native extension for LinuxStandalone target not found
Refreshing native plugins compatible for Editor in 0,49 ms, found 1 plugins.
Preloading 0 native plugins for Editor in 0,00 ms.
Mono: successfully reloaded assembly
- Completed reload, in  0,975 seconds
Platform modules already initialized, skipping
Refreshing native plugins compatible for Editor in 0,44 ms, found 1 plugins.
Preloading 0 native plugins for Editor in 0,00 ms.
Unloading 1808 Unused Serialized files (Serialized files now loaded: 0)
System memory in use before: 79,5 MB.
System memory in use after: 79,5 MB.

Unloading 12 unused Assets to reduce memory usage. Loaded Objects now: 2395.
Total: 3,774878 ms (FindLiveObjects: 0,278017 ms CreateObjectMapping: 0,066465 ms MarkObjects: 3,273051 ms  DeleteObjects: 0,155320 ms)

========================================================================
Received Prepare
Registering precompiled user dll's ...
Registered in 0,000756 seconds.
Begin MonoManager ReloadAssembly
Native extension for LinuxStandalone target not found
Refreshing native plugins compatible for Editor in 0,47 ms, found 1 plugins.
Preloading 0 native plugins for Editor in 0,00 ms.
Mono: successfully reloaded assembly
- Completed reload, in  0,982 seconds
Platform modules already initialized, skipping
Refreshing native plugins compatible for Editor in 0,55 ms, found 1 plugins.
Preloading 0 native plugins for Editor in 0,00 ms.
Unloading 1808 Unused Serialized files (Serialized files now loaded: 0)
System memory in use before: 79,5 MB.
System memory in use after: 79,5 MB.

Unloading 12 unused Assets to reduce memory usage. Loaded Objects now: 2399.
Total: 3,489254 ms (FindLiveObjects: 0,247495 ms CreateObjectMapping: 0,073265 ms MarkObjects: 2,980971 ms  DeleteObjects: 0,185162 ms)

========================================================================
Received Prepare
Registering precompiled user dll's ...
Registered in 0,000782 seconds.
Begin MonoManager ReloadAssembly
Native extension for LinuxStandalone target not found
Refreshing native plugins compatible for Editor in 0,43 ms, found 1 plugins.
Preloading 0 native plugins for Editor in 0,00 ms.
Mono: successfully reloaded assembly
- Completed reload, in  1,031 seconds
Platform modules already initialized, skipping
Refreshing native plugins compatible for Editor in 0,74 ms, found 1 plugins.
Preloading 0 native plugins for Editor in 0,00 ms.
Unloading 1808 Unused Serialized files (Serialized files now loaded: 0)
System memory in use before: 79,5 MB.
System memory in use after: 79,5 MB.

Unloading 12 unused Assets to reduce memory usage. Loaded Objects now: 2403.
Total: 3,567565 ms (FindLiveObjects: 0,443820 ms CreateObjectMapping: 0,088441 ms MarkObjects: 2,865476 ms  DeleteObjects: 0,165061 ms)

========================================================================
Received Import Request.
  Time since last request: 210,944541 seconds.
  path: Assets/Scenes/Nivel2.unity
  artifactKey: Guid(21957a2d2698e070c80e3bd2265f6435) Importer(815301076,1909f56bfc062723c751e8b465ee728b)
Start importing Assets/Scenes/Nivel2.unity using Guid(21957a2d2698e070c80e3bd2265f6435) Importer(815301076,1909f56bfc062723c751e8b465ee728b)  -> (artifact id: '0530df46bcc081d3670cca18c333d1a8') in 0,014427 seconds
  Import took 0,020025 seconds .

========================================================================
Received Import Request.
  Time since last request: 0,000224 seconds.
  path: Assets/Scenes/SampleScene.unity
  artifactKey: Guid(2cda990e2423bbf4892e6590ba056729) Importer(815301076,1909f56bfc062723c751e8b465ee728b)
Start importing Assets/Scenes/SampleScene.unity using Guid(2cda990e2423bbf4892e6590ba056729) Importer(815301076,1909f56bfc062723c751e8b465ee728b)  -> (artifact id: '827ee13f42feac81240066c9c1f91b7f') in 0,001526 seconds
  Import took 0,005239 seconds .

========================================================================
Received Prepare
Registering precompiled user dll's ...
Registered in 0,000762 seconds.
Begin MonoManager ReloadAssembly
Native extension for LinuxStandalone target not found
Refreshing native plugins compatible for Editor in 0,43 ms, found 1 plugins.
Preloading 0 native plugins for Editor in 0,00 ms.
Mono: successfully reloaded assembly
- Completed reload, in  1,031 seconds
Platform modules already initialized, skipping
Refreshing native plugins compatible for Editor in 0,49 ms, found 1 plugins.
Preloading 0 native plugins for Editor in 0,00 ms.
Unloading 1808 Unused Serialized files (Serialized files now loaded: 0)
System memory in use before: 79,5 MB.
System memory in use after: 79,5 MB.

Unloading 12 unused Assets to reduce memory usage. Loaded Objects now: 2407.
Total: 4,896323 ms (FindLiveObjects: 0,249617 ms CreateObjectMapping: 0,079261 ms MarkObjects: 4,390575 ms  DeleteObjects: 0,175042 ms)

========================================================================
Received Prepare
Registering precompiled user dll's ...
Registered in 0,001101 seconds.
Begin MonoManager ReloadAssembly
Native extension for LinuxStandalone target not found
Refreshing native plugins compatible for Editor in 0,44 ms, found 1 plugins.
Preloading 0 native plugins for Editor in 0,00 ms.
Mono: successfully reloaded assembly
- Completed reload, in  0,967 seconds
Platform modules already initialized, skipping
Refreshing native plugins compatible for Editor in 0,43 ms, found 1 plugins.
Preloading 0 native plugins for Editor in 0,00 ms.
Unloading 1808 Unused Serialized files (Serialized files now loaded: 0)
System memory in use before: 79,5 MB.
System memory in use after: 79,5 MB.

Unloading 12 unused Assets to reduce memory usage. Loaded Objects now: 2411.
Total: 4,593286 ms (FindLiveObjects: 0,231617 ms CreateObjectMapping: 0,066598 ms MarkObjects: 4,122489 ms  DeleteObjects: 0,171005 ms)

========================================================================
Received Prepare
Registering precompiled user dll's ...
Registered in 0,001547 seconds.
Begin MonoManager ReloadAssembly
Native extension for LinuxStandalone target not found
Refreshing native plugins compatible for Editor in 0,51 ms, found 1 plugins.
Preloading 0 native plugins for Editor in 0,00 ms.
Mono: successfully reloaded assembly
- Completed reload, in  0,963 seconds
Platform modules already initialized, skipping
Refreshing native plugins compatible for Editor in 0,42 ms, found 1 plugins.
Preloading 0 native plugins for Editor in 0,00 ms.
Unloading 1808 Unused Serialized files (Serialized files now loaded: 0)
System memory in use before: 79,6 MB.
System memory in use after: 79,6 MB.

Unloading 12 unused Assets to reduce memory usage. Loaded Objects now: 2415.
Total: 3,715502 ms (FindLiveObjects: 0,275184 ms CreateObjectMapping: 0,093629 ms MarkObjects: 3,164876 ms  DeleteObjects: 0,179551 ms)

========================================================================
Received Prepare
Registering precompiled user dll's ...
Registered in 0,000786 seconds.
Begin MonoManager ReloadAssembly
Native extension for LinuxStandalone target not found
Refreshing native plugins compatible for Editor in 0,56 ms, found 1 plugins.
Preloading 0 native plugins for Editor in 0,00 ms.
Mono: successfully reloaded assembly
- Completed reload, in  0,980 seconds
Platform modules already initialized, skipping
Refreshing native plugins compatible for Editor in 0,46 ms, found 1 plugins.
Preloading 0 native plugins for Editor in 0,00 ms.
Unloading 1808 Unused Serialized files (Serialized files now loaded: 0)
System memory in use before: 79,6 MB.
System memory in use after: 79,6 MB.

Unloading 12 unused Assets to reduce memory usage. Loaded Objects now: 2419.
Total: 3,830265 ms (FindLiveObjects: 0,268923 ms CreateObjectMapping: 0,075986 ms MarkObjects: 3,291032 ms  DeleteObjects: 0,192116 ms)

========================================================================
Received Prepare
Registering precompiled user dll's ...
Registered in 0,001025 seconds.
Begin MonoManager ReloadAssembly
Native extension for LinuxStandalone target not found
Refreshing native plugins compatible for Editor in 0,43 ms, found 1 plugins.
Preloading 0 native plugins for Editor in 0,00 ms.
Mono: successfully reloaded assembly
- Completed reload, in  0,983 seconds
Platform modules already initialized, skipping
Refreshing native plugins compatible for Editor in 0,64 ms, found 1 plugins.
Preloading 0 native plugins for Editor in 0,00 ms.
Unloading 1808 Unused Serialized files (Serialized files now loaded: 0)
System memory in use before: 79,6 MB.
System memory in use after: 79,6 MB.

Unloading 12 unused Assets to reduce memory usage. Loaded Objects now: 2423.
Total: 3,857032 ms (FindLiveObjects: 0,276471 ms CreateObjectMapping: 0,081106 ms MarkObjects: 3,316516 ms  DeleteObjects: 0,181010 ms)

========================================================================
Received Prepare
Registering precompiled user dll's ...
Registered in 0,001345 seconds.
Begin MonoManager ReloadAssembly
Native extension for LinuxStandalone target not found
Refreshing native plugins compatible for Editor in 0,61 ms, found 1 plugins.
Preloading 0 native plugins for Editor in 0,00 ms.
Mono: successfully reloaded assembly
- Completed reload, in  1,079 seconds
Platform modules already initialized, skipping
Refreshing native plugins compatible for Editor in 0,42 ms, found 1 plugins.
Preloading 0 native plugins for Editor in 0,00 ms.
Unloading 1808 Unused Serialized files (Serialized files now loaded: 0)
System memory in use before: 79,6 MB.
System memory in use after: 79,6 MB.

Unloading 12 unused Assets to reduce memory usage. Loaded Objects now: 2427.
Total: 4,480197 ms (FindLiveObjects: 0,339758 ms CreateObjectMapping: 0,149011 ms MarkObjects: 3,811554 ms  DeleteObjects: 0,177188 ms)

========================================================================
Received Import Request.
  Time since last request: 1442,201349 seconds.
  path: Assets/Scenes/Menu.unity
  artifactKey: Guid(240e11f24d07f8c4d8b95e252922dfc2) Importer(815301076,1909f56bfc062723c751e8b465ee728b)
Start importing Assets/Scenes/Menu.unity using Guid(240e11f24d07f8c4d8b95e252922dfc2) Importer(815301076,1909f56bfc062723c751e8b465ee728b)  -> (artifact id: '52c7a15edb037320181eab29472461b5') in 0,014598 seconds
  Import took 0,019868 seconds .

========================================================================
Received Import Request.
  Time since last request: 127,535280 seconds.
  path: Assets/Pixel Adventure 1/Scripts/j.cs
  artifactKey: Guid(a9232c630354696dd8d4234f006fbbb7) Importer(815301076,1909f56bfc062723c751e8b465ee728b)
Start importing Assets/Pixel Adventure 1/Scripts/j.cs using Guid(a9232c630354696dd8d4234f006fbbb7) Importer(815301076,1909f56bfc062723c751e8b465ee728b)  -> (artifact id: '22270c0c30073641e47194e3305801bf') in 0,001645 seconds
  Import took 0,005675 seconds .

========================================================================
Received Import Request.
  Time since last request: 0,001095 seconds.
  path: Assets/Pixel Adventure 1/Scripts/j.cs
  artifactKey: Guid(a9232c630354696dd8d4234f006fbbb7) Importer(815301076,1909f56bfc062723c751e8b465ee728b)
Start importing Assets/Pixel Adventure 1/Scripts/j.cs using Guid(a9232c630354696dd8d4234f006fbbb7) Importer(815301076,1909f56bfc062723c751e8b465ee728b)  -> (artifact id: '22270c0c30073641e47194e3305801bf') in 0,001469 seconds
  Import took 0,005049 seconds .

========================================================================
Received Prepare
Registering precompiled user dll's ...
Registered in 0,000766 seconds.
Begin MonoManager ReloadAssembly
Native extension for LinuxStandalone target not found
Refreshing native plugins compatible for Editor in 0,70 ms, found 1 plugins.
Preloading 0 native plugins for Editor in 0,00 ms.
Mono: successfully reloaded assembly
- Completed reload, in  0,987 seconds
Platform modules already initialized, skipping
Refreshing native plugins compatible for Editor in 0,41 ms, found 1 plugins.
Preloading 0 native plugins for Editor in 0,00 ms.
Unloading 1809 Unused Serialized files (Serialized files now loaded: 0)
System memory in use before: 79,6 MB.
System memory in use after: 79,6 MB.

Unloading 12 unused Assets to reduce memory usage. Loaded Objects now: 2432.
Total: 5,376538 ms (FindLiveObjects: 0,339623 ms CreateObjectMapping: 0,144929 ms MarkObjects: 4,682864 ms  DeleteObjects: 0,207070 ms)

========================================================================
Received Prepare
Registering precompiled user dll's ...
Registered in 0,000918 seconds.
Begin MonoManager ReloadAssembly
Native extension for LinuxStandalone target not found
Refreshing native plugins compatible for Editor in 0,43 ms, found 1 plugins.
Preloading 0 native plugins for Editor in 0,00 ms.
Mono: successfully reloaded assembly
- Completed reload, in  1,002 seconds
Platform modules already initialized, skipping
Refreshing native plugins compatible for Editor in 0,44 ms, found 1 plugins.
Preloading 0 native plugins for Editor in 0,00 ms.
Unloading 1808 Unused Serialized files (Serialized files now loaded: 0)
System memory in use before: 79,6 MB.
System memory in use after: 79,6 MB.

Unloading 13 unused Assets to reduce memory usage. Loaded Objects now: 2435.
Total: 4,045023 ms (FindLiveObjects: 0,306456 ms CreateObjectMapping: 0,121008 ms MarkObjects: 3,446505 ms  DeleteObjects: 0,168457 ms)

AssetImportWorkerClient::OnTransportError - code=2 error=End of file
